*ERROR* 	2017/10/06 - 17:19:32: Table 'prestashop.ps_shop_url' doesn't exist<br /><br /><pre>SELECT s.id_shop, CONCAT(su.physical_uri, su.virtual_uri) AS uri, su.domain, su.main
					FROM ps_shop_url su
					LEFT JOIN ps_shop s ON (s.id_shop = su.id_shop)
					WHERE (su.domain = 'localhost:7070' OR su.domain_ssl = 'localhost:7070')
						AND s.active = 1
						AND s.deleted = 0
					ORDER BY LENGTH(CONCAT(su.physical_uri, su.virtual_uri)) DESC</pre> at line 791 in file classes/db/Db.php
*ERROR* 	2017/10/06 - 17:19:42: Table 'prestashop.ps_shop_url' doesn't exist<br /><br /><pre>SELECT s.id_shop, CONCAT(su.physical_uri, su.virtual_uri) AS uri, su.domain, su.main
					FROM ps_shop_url su
					LEFT JOIN ps_shop s ON (s.id_shop = su.id_shop)
					WHERE (su.domain = 'localhost:7070' OR su.domain_ssl = 'localhost:7070')
						AND s.active = 1
						AND s.deleted = 0
					ORDER BY LENGTH(CONCAT(su.physical_uri, su.virtual_uri)) DESC</pre> at line 791 in file classes/db/Db.php
*ERROR* 	2017/10/06 - 17:19:44: Table 'prestashop.ps_shop_url' doesn't exist<br /><br /><pre>SELECT s.id_shop, CONCAT(su.physical_uri, su.virtual_uri) AS uri, su.domain, su.main
					FROM ps_shop_url su
					LEFT JOIN ps_shop s ON (s.id_shop = su.id_shop)
					WHERE (su.domain = 'localhost:7070' OR su.domain_ssl = 'localhost:7070')
						AND s.active = 1
						AND s.deleted = 0
					ORDER BY LENGTH(CONCAT(su.physical_uri, su.virtual_uri)) DESC</pre> at line 791 in file classes/db/Db.php
